
========================================
[EMAIL LOG] 2026-05-29T19:41:06.129Z
TO: dev@gmail.com
SUBJECT: Verify Your Elister.ai Account - OTP: 543448
TEXT: Hi Devendra,

Your OTP for verification is: 543448. It is valid for 15 minutes.

Thank you,
Elister.ai Team
----------------------------------------
HTML CONTENT:

    <div style="font-family: Arial, sans-serif; max-width: 600px; margin: 0 auto; padding: 20px; border: 1px solid #e2e8f0; rounded: 16px;">
      <div style="text-align: center; margin-bottom: 24px;">
        <h2 style="color: #4f46e5; margin: 0;">Elister.ai</h2>
        <p style="color: #64748b; font-size: 14px; margin-top: 4px;">Premium AI Listing Companion</p>
      </div>
      <div style="background-color: #f8fafc; padding: 24px; border-radius: 12px; margin-bottom: 20px;">
        <p style="font-size: 16px; color: #1e293b; margin-top: 0;">Hi <strong>Devendra</strong>,</p>
        <p style="font-size: 15px; color: #334155; line-height: 1.5;">Elister.ai par signup karne ke liye dhanyawad! Apne account ko verify karne ke liye niche diya gaya OTP (One-Time Password) enter karein:</p>
        <div style="text-align: center; margin: 30px 0;">
          <span style="font-family: monospace; font-size: 32px; font-weight: bold; letter-spacing: 6px; color: #4f46e5; background: #e0e7ff; padding: 12px 24px; border-radius: 8px; border: 1px dashed #818cf8;">543448</span>
        </div>
        <p style="font-size: 13px; color: #64748b;">Ye OTP agle <strong>15 minutes</strong> ke liye hi valid hai. Kripya ise kisi ke sath share na karein.</p>
      </div>
      <p style="font-size: 12px; color: #94a3b8; text-align: center; border-t: 1px solid #f1f5f9; padding-top: 16px;">
        Agar aapne ye request nahi ki thi, toh kripya is email ko ignore karein.<br>
        &copy; 2026 Elister.ai. All rights reserved.
      </p>
    </div>
  
========================================


========================================
[EMAIL LOG] 2026-05-29T19:41:13.705Z
TO: dev@gmail.com
SUBJECT: Verify Your Elister.ai Account - OTP: 964717
TEXT: Hi Devendra,

Your OTP for verification is: 964717. It is valid for 15 minutes.

Thank you,
Elister.ai Team
----------------------------------------
HTML CONTENT:

    <div style="font-family: Arial, sans-serif; max-width: 600px; margin: 0 auto; padding: 20px; border: 1px solid #e2e8f0; rounded: 16px;">
      <div style="text-align: center; margin-bottom: 24px;">
        <h2 style="color: #4f46e5; margin: 0;">Elister.ai</h2>
        <p style="color: #64748b; font-size: 14px; margin-top: 4px;">Premium AI Listing Companion</p>
      </div>
      <div style="background-color: #f8fafc; padding: 24px; border-radius: 12px; margin-bottom: 20px;">
        <p style="font-size: 16px; color: #1e293b; margin-top: 0;">Hi <strong>Devendra</strong>,</p>
        <p style="font-size: 15px; color: #334155; line-height: 1.5;">Elister.ai par signup karne ke liye dhanyawad! Apne account ko verify karne ke liye niche diya gaya OTP (One-Time Password) enter karein:</p>
        <div style="text-align: center; margin: 30px 0;">
          <span style="font-family: monospace; font-size: 32px; font-weight: bold; letter-spacing: 6px; color: #4f46e5; background: #e0e7ff; padding: 12px 24px; border-radius: 8px; border: 1px dashed #818cf8;">964717</span>
        </div>
        <p style="font-size: 13px; color: #64748b;">Ye OTP agle <strong>15 minutes</strong> ke liye hi valid hai. Kripya ise kisi ke sath share na karein.</p>
      </div>
      <p style="font-size: 12px; color: #94a3b8; text-align: center; border-t: 1px solid #f1f5f9; padding-top: 16px;">
        Agar aapne ye request nahi ki thi, toh kripya is email ko ignore karein.<br>
        &copy; 2026 Elister.ai. All rights reserved.
      </p>
    </div>
  
========================================


========================================
[EMAIL LOG] 2026-05-29T19:42:45.564Z
TO: dev@gmail.com
SUBJECT: Verify Your Elister.ai Account - OTP: 182759
TEXT: Hi Devendra,

Your OTP for verification is: 182759. It is valid for 15 minutes.

Thank you,
Elister.ai Team
----------------------------------------
HTML CONTENT:

    <div style="font-family: Arial, sans-serif; max-width: 600px; margin: 0 auto; padding: 20px; border: 1px solid #e2e8f0; rounded: 16px;">
      <div style="text-align: center; margin-bottom: 24px;">
        <h2 style="color: #4f46e5; margin: 0;">Elister.ai</h2>
        <p style="color: #64748b; font-size: 14px; margin-top: 4px;">Premium AI Listing Companion</p>
      </div>
      <div style="background-color: #f8fafc; padding: 24px; border-radius: 12px; margin-bottom: 20px;">
        <p style="font-size: 16px; color: #1e293b; margin-top: 0;">Hi <strong>Devendra</strong>,</p>
        <p style="font-size: 15px; color: #334155; line-height: 1.5;">Elister.ai par signup karne ke liye dhanyawad! Apne account ko verify karne ke liye niche diya gaya OTP (One-Time Password) enter karein:</p>
        <div style="text-align: center; margin: 30px 0;">
          <span style="font-family: monospace; font-size: 32px; font-weight: bold; letter-spacing: 6px; color: #4f46e5; background: #e0e7ff; padding: 12px 24px; border-radius: 8px; border: 1px dashed #818cf8;">182759</span>
        </div>
        <p style="font-size: 13px; color: #64748b;">Ye OTP agle <strong>15 minutes</strong> ke liye hi valid hai. Kripya ise kisi ke sath share na karein.</p>
      </div>
      <p style="font-size: 12px; color: #94a3b8; text-align: center; border-t: 1px solid #f1f5f9; padding-top: 16px;">
        Agar aapne ye request nahi ki thi, toh kripya is email ko ignore karein.<br>
        &copy; 2026 Elister.ai. All rights reserved.
      </p>
    </div>
  
========================================


========================================
[EMAIL LOG] 2026-05-29T19:42:50.715Z
TO: dev@gmail.com
SUBJECT: Verify Your Elister.ai Account - OTP: 468697
TEXT: Hi Devendra,

Your OTP for verification is: 468697. It is valid for 15 minutes.

Thank you,
Elister.ai Team
----------------------------------------
HTML CONTENT:

    <div style="font-family: Arial, sans-serif; max-width: 600px; margin: 0 auto; padding: 20px; border: 1px solid #e2e8f0; rounded: 16px;">
      <div style="text-align: center; margin-bottom: 24px;">
        <h2 style="color: #4f46e5; margin: 0;">Elister.ai</h2>
        <p style="color: #64748b; font-size: 14px; margin-top: 4px;">Premium AI Listing Companion</p>
      </div>
      <div style="background-color: #f8fafc; padding: 24px; border-radius: 12px; margin-bottom: 20px;">
        <p style="font-size: 16px; color: #1e293b; margin-top: 0;">Hi <strong>Devendra</strong>,</p>
        <p style="font-size: 15px; color: #334155; line-height: 1.5;">Elister.ai par signup karne ke liye dhanyawad! Apne account ko verify karne ke liye niche diya gaya OTP (One-Time Password) enter karein:</p>
        <div style="text-align: center; margin: 30px 0;">
          <span style="font-family: monospace; font-size: 32px; font-weight: bold; letter-spacing: 6px; color: #4f46e5; background: #e0e7ff; padding: 12px 24px; border-radius: 8px; border: 1px dashed #818cf8;">468697</span>
        </div>
        <p style="font-size: 13px; color: #64748b;">Ye OTP agle <strong>15 minutes</strong> ke liye hi valid hai. Kripya ise kisi ke sath share na karein.</p>
      </div>
      <p style="font-size: 12px; color: #94a3b8; text-align: center; border-t: 1px solid #f1f5f9; padding-top: 16px;">
        Agar aapne ye request nahi ki thi, toh kripya is email ko ignore karein.<br>
        &copy; 2026 Elister.ai. All rights reserved.
      </p>
    </div>
  
========================================


========================================
[EMAIL LOG] 2026-05-29T19:42:56.784Z
TO: dev@gmail.com
SUBJECT: Verify Your Elister.ai Account - OTP: 536675
TEXT: Hi Devendra,

Your OTP for verification is: 536675. It is valid for 15 minutes.

Thank you,
Elister.ai Team
----------------------------------------
HTML CONTENT:

    <div style="font-family: Arial, sans-serif; max-width: 600px; margin: 0 auto; padding: 20px; border: 1px solid #e2e8f0; rounded: 16px;">
      <div style="text-align: center; margin-bottom: 24px;">
        <h2 style="color: #4f46e5; margin: 0;">Elister.ai</h2>
        <p style="color: #64748b; font-size: 14px; margin-top: 4px;">Premium AI Listing Companion</p>
      </div>
      <div style="background-color: #f8fafc; padding: 24px; border-radius: 12px; margin-bottom: 20px;">
        <p style="font-size: 16px; color: #1e293b; margin-top: 0;">Hi <strong>Devendra</strong>,</p>
        <p style="font-size: 15px; color: #334155; line-height: 1.5;">Elister.ai par signup karne ke liye dhanyawad! Apne account ko verify karne ke liye niche diya gaya OTP (One-Time Password) enter karein:</p>
        <div style="text-align: center; margin: 30px 0;">
          <span style="font-family: monospace; font-size: 32px; font-weight: bold; letter-spacing: 6px; color: #4f46e5; background: #e0e7ff; padding: 12px 24px; border-radius: 8px; border: 1px dashed #818cf8;">536675</span>
        </div>
        <p style="font-size: 13px; color: #64748b;">Ye OTP agle <strong>15 minutes</strong> ke liye hi valid hai. Kripya ise kisi ke sath share na karein.</p>
      </div>
      <p style="font-size: 12px; color: #94a3b8; text-align: center; border-t: 1px solid #f1f5f9; padding-top: 16px;">
        Agar aapne ye request nahi ki thi, toh kripya is email ko ignore karein.<br>
        &copy; 2026 Elister.ai. All rights reserved.
      </p>
    </div>
  
========================================


========================================
[EMAIL LOG] 2026-05-29T19:43:05.895Z
TO: dev@gmail.com
SUBJECT: Verify Your Elister.ai Account - OTP: 963716
TEXT: Hi Devendra,

Your OTP for verification is: 963716. It is valid for 15 minutes.

Thank you,
Elister.ai Team
----------------------------------------
HTML CONTENT:

    <div style="font-family: Arial, sans-serif; max-width: 600px; margin: 0 auto; padding: 20px; border: 1px solid #e2e8f0; rounded: 16px;">
      <div style="text-align: center; margin-bottom: 24px;">
        <h2 style="color: #4f46e5; margin: 0;">Elister.ai</h2>
        <p style="color: #64748b; font-size: 14px; margin-top: 4px;">Premium AI Listing Companion</p>
      </div>
      <div style="background-color: #f8fafc; padding: 24px; border-radius: 12px; margin-bottom: 20px;">
        <p style="font-size: 16px; color: #1e293b; margin-top: 0;">Hi <strong>Devendra</strong>,</p>
        <p style="font-size: 15px; color: #334155; line-height: 1.5;">Elister.ai par signup karne ke liye dhanyawad! Apne account ko verify karne ke liye niche diya gaya OTP (One-Time Password) enter karein:</p>
        <div style="text-align: center; margin: 30px 0;">
          <span style="font-family: monospace; font-size: 32px; font-weight: bold; letter-spacing: 6px; color: #4f46e5; background: #e0e7ff; padding: 12px 24px; border-radius: 8px; border: 1px dashed #818cf8;">963716</span>
        </div>
        <p style="font-size: 13px; color: #64748b;">Ye OTP agle <strong>15 minutes</strong> ke liye hi valid hai. Kripya ise kisi ke sath share na karein.</p>
      </div>
      <p style="font-size: 12px; color: #94a3b8; text-align: center; border-t: 1px solid #f1f5f9; padding-top: 16px;">
        Agar aapne ye request nahi ki thi, toh kripya is email ko ignore karein.<br>
        &copy; 2026 Elister.ai. All rights reserved.
      </p>
    </div>
  
========================================


========================================
[EMAIL LOG] 2026-05-29T19:44:25.792Z
TO: dev@gmail.com
SUBJECT: Verify Your Elister.ai Account - OTP: 314177
TEXT: Hi Devendra,

Your OTP for verification is: 314177. It is valid for 15 minutes.

Thank you,
Elister.ai Team
----------------------------------------
HTML CONTENT:

    <div style="font-family: Arial, sans-serif; max-width: 600px; margin: 0 auto; padding: 20px; border: 1px solid #e2e8f0; rounded: 16px;">
      <div style="text-align: center; margin-bottom: 24px;">
        <h2 style="color: #4f46e5; margin: 0;">Elister.ai</h2>
        <p style="color: #64748b; font-size: 14px; margin-top: 4px;">Premium AI Listing Companion</p>
      </div>
      <div style="background-color: #f8fafc; padding: 24px; border-radius: 12px; margin-bottom: 20px;">
        <p style="font-size: 16px; color: #1e293b; margin-top: 0;">Hi <strong>Devendra</strong>,</p>
        <p style="font-size: 15px; color: #334155; line-height: 1.5;">Elister.ai par signup karne ke liye dhanyawad! Apne account ko verify karne ke liye niche diya gaya OTP (One-Time Password) enter karein:</p>
        <div style="text-align: center; margin: 30px 0;">
          <span style="font-family: monospace; font-size: 32px; font-weight: bold; letter-spacing: 6px; color: #4f46e5; background: #e0e7ff; padding: 12px 24px; border-radius: 8px; border: 1px dashed #818cf8;">314177</span>
        </div>
        <p style="font-size: 13px; color: #64748b;">Ye OTP agle <strong>15 minutes</strong> ke liye hi valid hai. Kripya ise kisi ke sath share na karein.</p>
      </div>
      <p style="font-size: 12px; color: #94a3b8; text-align: center; border-t: 1px solid #f1f5f9; padding-top: 16px;">
        Agar aapne ye request nahi ki thi, toh kripya is email ko ignore karein.<br>
        &copy; 2026 Elister.ai. All rights reserved.
      </p>
    </div>
  
========================================


========================================
[EMAIL LOG] 2026-05-29T19:44:33.814Z
TO: dev@gmail.com
SUBJECT: Verify Your Elister.ai Account - OTP: 334735
TEXT: Hi Devendra,

Your OTP for verification is: 334735. It is valid for 15 minutes.

Thank you,
Elister.ai Team
----------------------------------------
HTML CONTENT:

    <div style="font-family: Arial, sans-serif; max-width: 600px; margin: 0 auto; padding: 20px; border: 1px solid #e2e8f0; rounded: 16px;">
      <div style="text-align: center; margin-bottom: 24px;">
        <h2 style="color: #4f46e5; margin: 0;">Elister.ai</h2>
        <p style="color: #64748b; font-size: 14px; margin-top: 4px;">Premium AI Listing Companion</p>
      </div>
      <div style="background-color: #f8fafc; padding: 24px; border-radius: 12px; margin-bottom: 20px;">
        <p style="font-size: 16px; color: #1e293b; margin-top: 0;">Hi <strong>Devendra</strong>,</p>
        <p style="font-size: 15px; color: #334155; line-height: 1.5;">Elister.ai par signup karne ke liye dhanyawad! Apne account ko verify karne ke liye niche diya gaya OTP (One-Time Password) enter karein:</p>
        <div style="text-align: center; margin: 30px 0;">
          <span style="font-family: monospace; font-size: 32px; font-weight: bold; letter-spacing: 6px; color: #4f46e5; background: #e0e7ff; padding: 12px 24px; border-radius: 8px; border: 1px dashed #818cf8;">334735</span>
        </div>
        <p style="font-size: 13px; color: #64748b;">Ye OTP agle <strong>15 minutes</strong> ke liye hi valid hai. Kripya ise kisi ke sath share na karein.</p>
      </div>
      <p style="font-size: 12px; color: #94a3b8; text-align: center; border-t: 1px solid #f1f5f9; padding-top: 16px;">
        Agar aapne ye request nahi ki thi, toh kripya is email ko ignore karein.<br>
        &copy; 2026 Elister.ai. All rights reserved.
      </p>
    </div>
  
========================================

